Added Component: Designator=J2(CUI_MJ-3536N)
Add component (AddParameter): Name = "Availability"; Value = "Unavailable"; VariantName = "[No Variations]"
Add component (AddParameter): Name = "MF"; Value = "{'manufacturer': u'CUI Devices'}"; VariantName = "[No Variations]"
Add component (AddParameter): Name = "MP"; Value = "MJ-3536N"; VariantName = "[No Variations]"
Add component (AddParameter): Name = "Package"; Value = "None"; VariantName = "[No Variations]"
Add component (AddParameter): Name = "Price"; Value = "None"; VariantName = "[No Variations]"
Add component (AddParameter): Name = "Value"; Value = ""; VariantName = "[No Variations]"
Added Component: Designator=J3(CUI_MJ-3536N)
Add component (AddParameter): Name = "Availability"; Value = "Unavailable"; VariantName = "[No Variations]"
Add component (AddParameter): Name = "MF"; Value = "{'manufacturer': u'CUI Devices'}"; VariantName = "[No Variations]"
Add component (AddParameter): Name = "MP"; Value = "MJ-3536N"; VariantName = "[No Variations]"
Add component (AddParameter): Name = "Package"; Value = "None"; VariantName = "[No Variations]"
Add component (AddParameter): Name = "Price"; Value = "None"; VariantName = "[No Variations]"
Add component (AddParameter): Name = "Value"; Value = ""; VariantName = "[No Variations]"
Added Component: Designator=NEO9(adafruit-1559-neopixel-flora)
Added Component: Designator=NEO10(adafruit-1559-neopixel-flora)
Added Component: Designator=NEO11(adafruit-1559-neopixel-flora)
Added Component: Designator=NEO12(adafruit-1559-neopixel-flora)
Added Component: Designator=NEO13(adafruit-1559-neopixel-flora)
Added Component: Designator=NEO14(adafruit-1559-neopixel-flora)
Added Component: Designator=NEO15(adafruit-1559-neopixel-flora)
Added Component: Designator=NEO16(adafruit-1559-neopixel-flora)
Added Component: Designator=R3(thruhole resistor)
Add component (AddParameter): Name = "R"; Value = ""; VariantName = "[No Variations]"
Add component (AddParameter): Name = "Value"; Value = ""; VariantName = "[No Variations]"
Added Component: Designator=R10(thruhole resistor)
Add component (AddParameter): Name = "R"; Value = ""; VariantName = "[No Variations]"
Add component (AddParameter): Name = "Value"; Value = ""; VariantName = "[No Variations]"
Added Component: Designator=R11(thruhole resistor)
Add component (AddParameter): Name = "R"; Value = ""; VariantName = "[No Variations]"
Add component (AddParameter): Name = "Value"; Value = ""; VariantName = "[No Variations]"
Added Component: Designator=R12(thruhole resistor)
Add component (AddParameter): Name = "R"; Value = ""; VariantName = "[No Variations]"
Add component (AddParameter): Name = "Value"; Value = ""; VariantName = "[No Variations]"
Added Component: Designator=R13(thruhole resistor)
Add component (AddParameter): Name = "R"; Value = ""; VariantName = "[No Variations]"
Add component (AddParameter): Name = "Value"; Value = ""; VariantName = "[No Variations]"
Added Component: Designator=R14(thruhole resistor)
Add component (AddParameter): Name = "R"; Value = ""; VariantName = "[No Variations]"
Add component (AddParameter): Name = "Value"; Value = ""; VariantName = "[No Variations]"
Added Component: Designator=R15(thruhole resistor)
Add component (AddParameter): Name = "R"; Value = ""; VariantName = "[No Variations]"
Add component (AddParameter): Name = "Value"; Value = ""; VariantName = "[No Variations]"
Added Component: Designator=R16(thruhole resistor)
Add component (AddParameter): Name = "R"; Value = ""; VariantName = "[No Variations]"
Add component (AddParameter): Name = "Value"; Value = ""; VariantName = "[No Variations]"
Added Component: Designator=SW3(SW_TL59AF100Q_EWI)
Add component (AddParameter): Name = "Copyright"; Value = "Copyright (C) 2024 Ultra Librarian. All rights reserved."; VariantName = "[No Variations]"
Add component (AddParameter): Name = "Manufacturer_Part_Number"; Value = "TL59AF100Q"; VariantName = "[No Variations]"
Add component (AddParameter): Name = "Mfr_Name"; Value = "E-Switch"; VariantName = "[No Variations]"
Add component (AddParameter): Name = "RefDes"; Value = "RefDes"; VariantName = "[No Variations]"
Add component (AddParameter): Name = "Type"; Value = "DEV"; VariantName = "[No Variations]"
Added Component: Designator=SW10(SW_TL59AF100Q_EWI)
Add component (AddParameter): Name = "Copyright"; Value = "Copyright (C) 2024 Ultra Librarian. All rights reserved."; VariantName = "[No Variations]"
Add component (AddParameter): Name = "Manufacturer_Part_Number"; Value = "TL59AF100Q"; VariantName = "[No Variations]"
Add component (AddParameter): Name = "Mfr_Name"; Value = "E-Switch"; VariantName = "[No Variations]"
Add component (AddParameter): Name = "RefDes"; Value = "RefDes"; VariantName = "[No Variations]"
Add component (AddParameter): Name = "Type"; Value = "DEV"; VariantName = "[No Variations]"
Added Component: Designator=SW11(SW_TL59AF100Q_EWI)
Add component (AddParameter): Name = "Copyright"; Value = "Copyright (C) 2024 Ultra Librarian. All rights reserved."; VariantName = "[No Variations]"
Add component (AddParameter): Name = "Manufacturer_Part_Number"; Value = "TL59AF100Q"; VariantName = "[No Variations]"
Add component (AddParameter): Name = "Mfr_Name"; Value = "E-Switch"; VariantName = "[No Variations]"
Add component (AddParameter): Name = "RefDes"; Value = "RefDes"; VariantName = "[No Variations]"
Add component (AddParameter): Name = "Type"; Value = "DEV"; VariantName = "[No Variations]"
Added Component: Designator=SW12(SW_TL59AF100Q_EWI)
Add component (AddParameter): Name = "Copyright"; Value = "Copyright (C) 2024 Ultra Librarian. All rights reserved."; VariantName = "[No Variations]"
Add component (AddParameter): Name = "Manufacturer_Part_Number"; Value = "TL59AF100Q"; VariantName = "[No Variations]"
Add component (AddParameter): Name = "Mfr_Name"; Value = "E-Switch"; VariantName = "[No Variations]"
Add component (AddParameter): Name = "RefDes"; Value = "RefDes"; VariantName = "[No Variations]"
Add component (AddParameter): Name = "Type"; Value = "DEV"; VariantName = "[No Variations]"
Added Component: Designator=SW13(SW_TL59AF100Q_EWI)
Add component (AddParameter): Name = "Copyright"; Value = "Copyright (C) 2024 Ultra Librarian. All rights reserved."; VariantName = "[No Variations]"
Add component (AddParameter): Name = "Manufacturer_Part_Number"; Value = "TL59AF100Q"; VariantName = "[No Variations]"
Add component (AddParameter): Name = "Mfr_Name"; Value = "E-Switch"; VariantName = "[No Variations]"
Add component (AddParameter): Name = "RefDes"; Value = "RefDes"; VariantName = "[No Variations]"
Add component (AddParameter): Name = "Type"; Value = "DEV"; VariantName = "[No Variations]"
Added Component: Designator=SW14(SW_TL59AF100Q_EWI)
Add component (AddParameter): Name = "Copyright"; Value = "Copyright (C) 2024 Ultra Librarian. All rights reserved."; VariantName = "[No Variations]"
Add component (AddParameter): Name = "Manufacturer_Part_Number"; Value = "TL59AF100Q"; VariantName = "[No Variations]"
Add component (AddParameter): Name = "Mfr_Name"; Value = "E-Switch"; VariantName = "[No Variations]"
Add component (AddParameter): Name = "RefDes"; Value = "RefDes"; VariantName = "[No Variations]"
Add component (AddParameter): Name = "Type"; Value = "DEV"; VariantName = "[No Variations]"
Added Component: Designator=SW15(SW_TL59AF100Q_EWI)
Add component (AddParameter): Name = "Copyright"; Value = "Copyright (C) 2024 Ultra Librarian. All rights reserved."; VariantName = "[No Variations]"
Add component (AddParameter): Name = "Manufacturer_Part_Number"; Value = "TL59AF100Q"; VariantName = "[No Variations]"
Add component (AddParameter): Name = "Mfr_Name"; Value = "E-Switch"; VariantName = "[No Variations]"
Add component (AddParameter): Name = "RefDes"; Value = "RefDes"; VariantName = "[No Variations]"
Add component (AddParameter): Name = "Type"; Value = "DEV"; VariantName = "[No Variations]"
Added Component: Designator=SW16(SW_TL59AF100Q_EWI)
Add component (AddParameter): Name = "Copyright"; Value = "Copyright (C) 2024 Ultra Librarian. All rights reserved."; VariantName = "[No Variations]"
Add component (AddParameter): Name = "Manufacturer_Part_Number"; Value = "TL59AF100Q"; VariantName = "[No Variations]"
Add component (AddParameter): Name = "Mfr_Name"; Value = "E-Switch"; VariantName = "[No Variations]"
Add component (AddParameter): Name = "RefDes"; Value = "RefDes"; VariantName = "[No Variations]"
Add component (AddParameter): Name = "Type"; Value = "DEV"; VariantName = "[No Variations]"
Added Pin To Net: NetName=GND Pin=NEO9-GND
Added Pin To Net: NetName=GND Pin=NEO10-GND
Added Pin To Net: NetName=GND Pin=NEO11-GND
Added Pin To Net: NetName=GND Pin=NEO12-GND
Added Pin To Net: NetName=GND Pin=NEO13-GND
Added Pin To Net: NetName=GND Pin=NEO14-GND
Added Pin To Net: NetName=GND Pin=NEO15-GND
Added Pin To Net: NetName=GND Pin=NEO16-GND
Added Pin To Net: NetName=GND Pin=R16-1
Added Pin To Net: NetName=NetNEO9_5V Pin=NEO9-5V
Added Pin To Net: NetName=NetNEO9_5V Pin=NEO10-5V
Added Pin To Net: NetName=NetNEO9_5V Pin=NEO11-5V
Added Pin To Net: NetName=NetNEO9_5V Pin=NEO12-5V
Added Pin To Net: NetName=NetNEO9_5V Pin=NEO13-5V
Added Pin To Net: NetName=NetNEO9_5V Pin=NEO14-5V
Added Pin To Net: NetName=NetNEO9_5V Pin=NEO15-5V
Added Pin To Net: NetName=NetNEO9_5V Pin=NEO16-5V
Added Pin To Net: NetName=NetNEO9_5V Pin=R3-2
Added Pin To Net: NetName=NetNEO9_5V Pin=SW3-2
Added Net: Name=NetNEO9_5V
Added Pin To Net: NetName=NetNEO9_IN Pin=NEO9-IN
Added Pin To Net: NetName=NetNEO9_IN Pin=NEO10-OUT
Added Net: Name=NetNEO9_IN
Added Pin To Net: NetName=NetNEO10_IN Pin=NEO10-IN
Added Pin To Net: NetName=NetNEO10_IN Pin=NEO11-OUT
Added Net: Name=NetNEO10_IN
Added Pin To Net: NetName=NetNEO11_IN Pin=NEO11-IN
Added Pin To Net: NetName=NetNEO11_IN Pin=NEO12-OUT
Added Net: Name=NetNEO11_IN
Added Pin To Net: NetName=NetNEO12_IN Pin=NEO12-IN
Added Pin To Net: NetName=NetNEO12_IN Pin=NEO13-OUT
Added Net: Name=NetNEO12_IN
Added Pin To Net: NetName=NetNEO13_IN Pin=NEO13-IN
Added Pin To Net: NetName=NetNEO13_IN Pin=NEO14-OUT
Added Net: Name=NetNEO13_IN
Added Pin To Net: NetName=NetNEO14_IN Pin=NEO14-IN
Added Pin To Net: NetName=NetNEO14_IN Pin=NEO15-OUT
Added Net: Name=NetNEO14_IN
Added Pin To Net: NetName=NetNEO15_IN Pin=NEO15-IN
Added Pin To Net: NetName=NetNEO15_IN Pin=NEO16-OUT
Added Net: Name=NetNEO15_IN
Added Pin To Net: NetName=NetR3_1 Pin=R3-1
Added Pin To Net: NetName=NetR3_1 Pin=R10-2
Added Pin To Net: NetName=NetR3_1 Pin=SW10-2
Added Net: Name=NetR3_1
Added Pin To Net: NetName=NetR10_1 Pin=R10-1
Added Pin To Net: NetName=NetR10_1 Pin=R11-2
Added Pin To Net: NetName=NetR10_1 Pin=SW11-2
Added Net: Name=NetR10_1
Added Pin To Net: NetName=NetR11_1 Pin=R11-1
Added Pin To Net: NetName=NetR11_1 Pin=R12-2
Added Pin To Net: NetName=NetR11_1 Pin=SW12-2
Added Net: Name=NetR11_1
Added Pin To Net: NetName=NetR12_1 Pin=R12-1
Added Pin To Net: NetName=NetR12_1 Pin=R13-2
Added Pin To Net: NetName=NetR12_1 Pin=SW13-2
Added Net: Name=NetR12_1
Added Pin To Net: NetName=NetR13_1 Pin=R13-1
Added Pin To Net: NetName=NetR13_1 Pin=R14-2
Added Pin To Net: NetName=NetR13_1 Pin=SW14-2
Added Net: Name=NetR13_1
Added Pin To Net: NetName=NetR14_1 Pin=R14-1
Added Pin To Net: NetName=NetR14_1 Pin=R15-2
Added Pin To Net: NetName=NetR14_1 Pin=SW15-2
Added Net: Name=NetR14_1
Added Pin To Net: NetName=NetR15_1 Pin=R15-1
Added Pin To Net: NetName=NetR15_1 Pin=R16-2
Added Pin To Net: NetName=NetR15_1 Pin=SW16-2
Added Net: Name=NetR15_1
Added Pin To Net: NetName=NetSW3_1 Pin=SW3-1
Added Pin To Net: NetName=NetSW3_1 Pin=SW10-1
Added Pin To Net: NetName=NetSW3_1 Pin=SW11-1
Added Pin To Net: NetName=NetSW3_1 Pin=SW12-1
Added Pin To Net: NetName=NetSW3_1 Pin=SW13-1
Added Pin To Net: NetName=NetSW3_1 Pin=SW14-1
Added Pin To Net: NetName=NetSW3_1 Pin=SW15-1
Added Pin To Net: NetName=NetSW3_1 Pin=SW16-1
Added Net: Name=NetSW3_1
Change Class Name : Old Net Name=8button-8eopixel New Net Name=top-board
Added Member To Class: ClassName=top-board Member=Component J2 MJ-3536N
Added Member To Class: ClassName=top-board Member=Component J3 MJ-3536N
Added Member To Class: ClassName=top-board Member=Component NEO9 adafruit-1559-neopixel-flora
Added Member To Class: ClassName=top-board Member=Component NEO10 adafruit-1559-neopixel-flora
Added Member To Class: ClassName=top-board Member=Component NEO11 adafruit-1559-neopixel-flora
Added Member To Class: ClassName=top-board Member=Component NEO12 adafruit-1559-neopixel-flora
Added Member To Class: ClassName=top-board Member=Component NEO13 adafruit-1559-neopixel-flora
Added Member To Class: ClassName=top-board Member=Component NEO14 adafruit-1559-neopixel-flora
Added Member To Class: ClassName=top-board Member=Component NEO15 adafruit-1559-neopixel-flora
Added Member To Class: ClassName=top-board Member=Component NEO16 adafruit-1559-neopixel-flora
Added Member To Class: ClassName=top-board Member=Component R3 Resistor
Added Member To Class: ClassName=top-board Member=Component R10 Resistor
Added Member To Class: ClassName=top-board Member=Component R11 Resistor
Added Member To Class: ClassName=top-board Member=Component R12 Resistor
Added Member To Class: ClassName=top-board Member=Component R13 Resistor
Added Member To Class: ClassName=top-board Member=Component R14 Resistor
Added Member To Class: ClassName=top-board Member=Component R15 Resistor
Added Member To Class: ClassName=top-board Member=Component R16 Resistor
Added Member To Class: ClassName=top-board Member=Component SW3 TL59AF100Q
Added Member To Class: ClassName=top-board Member=Component SW10 TL59AF100Q
Added Member To Class: ClassName=top-board Member=Component SW11 TL59AF100Q
Added Member To Class: ClassName=top-board Member=Component SW12 TL59AF100Q
Added Member To Class: ClassName=top-board Member=Component SW13 TL59AF100Q
Added Member To Class: ClassName=top-board Member=Component SW14 TL59AF100Q
Added Member To Class: ClassName=top-board Member=Component SW15 TL59AF100Q
Added Member To Class: ClassName=top-board Member=Component SW16 TL59AF100Q
